
 This GEMPACK log file was created at 12:20:20 on 18-OCT-2022 by the program
  <GEMSIM  Version 5.0   April 2018>
 which accesses some of the routines in the GEMPACK software release
  <GEMPACK Release 12.1.004   January 2020>
 
 
 <GEMSIM  Version 5.0   April 2018>
   This program accesses some of the routines in the GEMPACK software release
 <GEMPACK Release 12.1.004   January 2020>
  
 Licence file: C:\GP\licen.gem
 Licence activation checked.
 Licence is Activated
  
     -------------------------------------------------------
    !            GEMPACK Software System Licence            !
    !  Source Code Licence for the GEMPACK Software System  !
    !                 Licence No.  GFM-0048                 !
    !          Licence for Release 12.1 of GEMPACK          !
    !           Center for Global Trade Analysis            !
    !         Department of Agricultural Economics          !
    !                   Krannert Building                   !
    !                   Purdue University                   !
     -------------------------------------------------------
 
     << COPYRIGHT 1993-2018: CoPS/Impact and KPSOFT >>
 
  Current directory is: C:\Users\ecorong\OneDrive - purdue.edu\A_WorkTemp\PNAS-Sep22\shocks
 
  Full path name of running EXE is: C:\GP\gemsim.exe
  Fortran compiler = GF64   version 6.4.0 64 bit
  BLAS library: OpenBlas
  OPENMP number of threads: 24
  Gempack source corresponds to revision 1187.
  Operating System is Microsoft Windows 10 Education
 
 
  ++++++++++++++++++++++++++++++++++++++++++++++++++++++++++++
 
 
                    GEMSIM OPTIONS
               ( --> indicates those in effect )
 
       BAT Run in batch              STI Take inputs from a Stored-input file
       BPR Brief prompts             SIF Store inputs on a file
       LOG Output to log file        ASI Add to incomplete Stored-input file
                                     CMF Take inputs from a Command file
       EAA Echo all activity           SVX Select variables on XAC file (later)
   --> CPU Report CPU times            RQF Required figures agreement (extrap)
       NRP Don't reuse pivots        NIR Don't do solution iterative refinement
                                 --> IZ1 Ignore zero coefficients in step 1
                                     KZ2 Keep zero coefficients in steps 2,3 etc
       NEQ Do no equations           NWE Don't warn how well equations solved
       NDS Do no displays            SSI Several subintervals; extrap after each
       NWR Do no writes              M28 Use MA28 routines (rather than MA48)
       NAS Do no assertions          SUI Save updated formula(initial) data
       NUD Do no final updates              Extra Options Screen
       NSM Don't do simulation              --------------------
       NWT Use Newton's method      DTO Display, Terminal/Text write Options
       CR  Check-on-read options
 
  Select an option   :  <opt>      Deselect an option      : -<opt>
  Help for an option : ?<opt>      Help on all options     : ??
  Redisplay options  : /           Finish option selection : Carriage return
  
 (Opened, as text, existing file 'allshocks.cmf'.)
  (Taking inputs from a command file.)
 (Opened, as text, existing file 'allshocks.cmf'.)
 
  !  (There is no CREATION information on this file.)
  
 
  [Have translated parameters <px> occurring in the original Command file "allshocks.cmf".]
  
 
  --> Reading the Command file.
  
 auxiliary files = ;
 check-on-read elements = warn;
 cpu=yes ;
 log file = yes;
 
 ! Input files:
 File GTAPSETS = \sets.har;
 
 File MacFile01 = 2014_2021_gdp.har;
 File MacFile02 = 2014_2021_qo_usklab.har;
 File MacFile03 = 2014_2021_qo_sklab.har;
 File MacFile04 = 2014_2021_qo_cap.har;
 File MacFile05 = 2014_2021_pop.har;
 File MacFile06 = 2021_2030_aoreg.har;
 File MacFile07 = 2021_2030_qo_usklab.har;
 File MacFile08 = 2021_2030_qo_sklab.har;
 File MacFile09 = 2021_2030_qo_cap.har;
 File MacFile10 = 2021_2030_pop.har;
 
 File SecFile01 = 2014_2021_ao_crop.har;
 File SecFile02 = 2014_2021_ao_rum.har;
 File SecFile03 = 2014_2021_ao_nrum.har;
 File SecFile04 = 2021_2030_ao_crop.har;
 File SecFile05 = 2021_2030_ao_rum.har;
 File SecFile06 = 2021_2030_ao_nrum.har;
 
 File InVFile01 = marine_fisheries_bau_shock.har;
 File InVFile02 = carbon_forestry_bau_shock.har;
 File InVFile03 = pollination_bau_shock_pfb.har;
 File InVFile04 = pollination_bau_shock_gro.har;
 File InVFile05 = pollination_bau_shock_v_f.har;
 File InVFile06 = pollination_bau_shock_osd.har;
 File InVFile07 = pollination_bau_shock_ocr.har;
 
 File InVFile08 = X2030_PESGC_marine_fisheries_shock.har;
 File InVFile09 = X2030_PESGC_carbon_forestry_shock.har;
 File InVFile10 = X2030_PESGC_pollination_shock_pfb.har;
 File InVFile11 = X2030_PESGC_pollination_shock_gro.har;
 File InVFile12 = X2030_PESGC_pollination_shock_v_f.har;
 File InVFile13 = X2030_PESGC_pollination_shock_osd.har;
 File InVFile14 = X2030_PESGC_pollination_shock_ocr.har;
 
 File InVFile15 = X2030_PESLC_marine_fisheries_shock.har;
 File InVFile16 = X2030_PESLC_carbon_forestry_shock.har;
 File InVFile17 = X2030_PESLC_pollination_shock_pfb.har;
 File InVFile18 = X2030_PESLC_pollination_shock_gro.har;
 File InVFile19 = X2030_PESLC_pollination_shock_v_f.har;
 File InVFile20 = X2030_PESLC_pollination_shock_osd.har;
 File InVFile21 = X2030_PESLC_pollination_shock_ocr.har;
 File InVFile22 = 2021_30_PESLC_shockLand.har;
 
 File InVFile23 = X2030_SR_Land_marine_fisheries_shock.har;
 File InVFile24 = X2030_SR_Land_carbon_forestry_shock.har;
 File InVFile25 = X2030_SR_Land_pollination_shock_pfb.har;
 File InVFile26 = X2030_SR_Land_pollination_shock_gro.har;
 File InVFile27 = X2030_SR_Land_pollination_shock_v_f.har;
 File InVFile28 = X2030_SR_Land_pollination_shock_osd.har;
 File InVFile29 = X2030_SR_Land_pollination_shock_ocr.har;
 File InVFile30 = 2021_30_SR_Land_allES_shocks.har;
 
 File InVFile31 = X2030_SR_RnD_20p_marine_fisheries_shock.har;
 File InVFile32 = X2030_SR_RnD_20p_carbon_forestry_shock.har;
 File InVFile33 = X2030_SR_RnD_20p_pollination_shock_pfb.har;
 File InVFile34 = X2030_SR_RnD_20p_pollination_shock_gro.har;
 File InVFile35 = X2030_SR_RnD_20p_pollination_shock_v_f.har;
 File InVFile36 = X2030_SR_RnD_20p_pollination_shock_osd.har;
 File InVFile37 = X2030_SR_RnD_20p_pollination_shock_ocr.har;
 File InVFile38 = 2021_2030_RnD_20pct.har;
 
 File InVFile39 = X2030_SR_RnD_20p_PESGC_marine_fisheries_shock.har;
 File InVFile40 = X2030_SR_RnD_20p_PESGC_carbon_forestry_shock.har;
 File InVFile41 = X2030_SR_RnD_20p_PESGC_pollination_shock_pfb.har;
 File InVFile42 = X2030_SR_RnD_20p_PESGC_pollination_shock_gro.har;
 File InVFile43 = X2030_SR_RnD_20p_PESGC_pollination_shock_v_f.har;
 File InVFile44 = X2030_SR_RnD_20p_PESGC_pollination_shock_osd.har;
 File InVFile45 = X2030_SR_RnD_20p_PESGC_pollination_shock_ocr.har;
 
 File InVFile46 = X2030_SR_RnD_20p_PESGC_30_marine_fisheries_shock.har;
 File InVFile47 = X2030_SR_RnD_20p_PESGC_30_carbon_forestry_shock.har;
 File InVFile48 = X2030_SR_RnD_20p_PESGC_30_pollination_shock_pfb.har;
 File InVFile49 = X2030_SR_RnD_20p_PESGC_30_pollination_shock_gro.har;
 File InVFile50 = X2030_SR_RnD_20p_PESGC_30_pollination_shock_v_f.har;
 File InVFile51 = X2030_SR_RnD_20p_PESGC_30_pollination_shock_osd.har;
 File InVFile52 = X2030_SR_RnD_20p_PESGC_30_pollination_shock_ocr.har;
 
 File InVFile53 = X2030_SR_RnD_PESGC_marine_fisheries_shock.har;
 File InVFile54 = X2030_SR_RnD_PESGC_carbon_forestry_shock.har;
 File InVFile55 = X2030_SR_RnD_PESGC_pollination_shock_pfb.har;
 File InVFile56 = X2030_SR_RnD_PESGC_pollination_shock_gro.har;
 File InVFile57 = X2030_SR_RnD_PESGC_pollination_shock_v_f.har;
 File InVFile58 = X2030_SR_RnD_PESGC_pollination_shock_osd.har;
 File InVFile59 = X2030_SR_RnD_PESGC_pollination_shock_ocr.har;
 
 File InVFile60 = X2030_RnD_marine_fisheries_shock.har;
 File InVFile61 = X2030_RnD_carbon_forestry_shock.har;
 File InVFile62 = X2030_RnD_pollination_shock_pfb.har;
 File InVFile63 = X2030_RnD_pollination_shock_gro.har;
 File InVFile64 = X2030_RnD_pollination_shock_v_f.har;
 File InVFile65 = X2030_RnD_pollination_shock_osd.har;
 File InVFile66 = X2030_RnD_pollination_shock_ocr.har;
 
 File InVFile67 = X2030_SR_RnD_marine_fisheries_shock.har;
 File InVFile68 = X2030_SR_RnD_carbon_forestry_shock.har;
 File InVFile69 = X2030_SR_RnD_pollination_shock_pfb.har;
 File InVFile70 = X2030_SR_RnD_pollination_shock_gro.har;
 File InVFile71 = X2030_SR_RnD_pollination_shock_v_f.har;
 File InVFile72 = X2030_SR_RnD_pollination_shock_osd.har;
 File InVFile73 = X2030_SR_RnD_pollination_shock_ocr.har;
 
 File InVFile74 = X2030_SR_RnD_PESLC_marine_fisheries_shock.har;
 File InVFile75 = X2030_SR_RnD_PESLC_carbon_forestry_shock.har ;
 File InVFile76 = X2030_SR_RnD_PESLC_pollination_shock_pfb.har;
 File InVFile77 = X2030_SR_RnD_PESLC_pollination_shock_gro.har;
 File InVFile78 = X2030_SR_RnD_PESLC_pollination_shock_v_f.har;
 File InVFile79 = X2030_SR_RnD_PESLC_pollination_shock_osd.har;
 File InVFile80 = X2030_SR_RnD_PESLC_pollination_shock_ocr.har;
 File InVFile81 = 2021_30_SR_RnD_PESLC_allES.har;
 File InVFile82 = 2021_2030_RnD_half.har;
 
 File InVFile83 = X2030_SR_RnD_PESLC_marine_fisheries_shock.har;
 File InVFile84 = X2030_SR_RnD_PESLC_carbon_forestry_shock.har ;
 File InVFile85 = X2030_SR_RnD_PESLC_pollination_shock_pfb.har;
 File InVFile86 = X2030_SR_RnD_PESLC_pollination_shock_gro.har;
 File InVFile87 = X2030_SR_RnD_PESLC_pollination_shock_v_f.har;
 File InVFile88 = X2030_SR_RnD_PESLC_pollination_shock_osd.har;
 File InVFile89 = X2030_SR_RnD_PESLC_pollination_shock_ocr.har;
 File InVFile90 = 2021_30_SR_PESLC_shock-LTAX.har;
 
 File InVFile91 = X2030_SR_Land_PESGC_marine_fisheries_shock.har;
 File InVFile92 = X2030_SR_Land_PESGC_carbon_forestry_shock.har;
 File InVFile93 = X2030_SR_Land_PESGC_pollination_shock_pfb.har;
 File InVFile94 = X2030_SR_Land_PESGC_pollination_shock_gro.har;
 File InVFile95 = X2030_SR_Land_PESGC_pollination_shock_v_f.har;
 File InVFile96 = X2030_SR_Land_PESGC_pollination_shock_osd.har;
 File InVFile97 = X2030_SR_Land_PESGC_pollination_shock_ocr.har;
 File InVFile98 = 2021_30_SR_Land_PESGC_allES_shocks.har;
 
 File InVFile99=marine_fisheries_fishcol_shock.har;
 File InVFile100=carbon_forestry_amazoncol_shock.har;
 File InVFile101=pollination_polcol_shock_pfb.har;
 File InVFile102=pollination_polcol_shock_gro.har;
 File InVFile103=pollination_polcol_shock_v_f.har;
 File InVFile104=pollination_polcol_shock_osd.har;
 File InVFile105=pollination_polcol_shock_ocr.har;
 
 File InVFile106=pollination_amazoncol_shock_pfb.har;
 File InVFile107=pollination_amazoncol_shock_gro.har;
 File InVFile108=pollination_amazoncol_shock_v_f.har;
 File InVFile109=pollination_amazoncol_shock_osd.har;
 File InVFile110=pollination_amazoncol_shock_ocr.har;
 
 ! Output file:
 File OutFile = AllShocks.har;
 
  (Finished reading the command file.)
 
  Auxiliary files = ;
                    ?
  %% Semantic error in Command file statement number 1 near
       character number 19.
 Expected word after "Auxiliary files =".
 
 (ERROR RETURN FROM ROUTINE:CMPSC )
 (E-Expected word in Command file statement)
 
  (The program terminated with an error.)
  (The program has completed without warnings.)
  
  Total elapsed time is: less than one second.

 This run ended at 12:20:20 on 18-OCT-2022
